2013-11-05 21:46:06.211 [info] <0.347.0> Loading routes from "/home/erikj/icebreaker/priv/icebreaker.routes" ....
2013-11-05 21:46:06.299 [info] <0.564.0> GET /client/list [icebreaker] 200 87ms
2013-11-05 21:46:06.759 [info] <0.347.0> Loading routes from "/home/erikj/icebreaker/priv/icebreaker.routes" ....
2013-11-05 21:46:06.835 [info] <0.564.0> POST /client/register [icebreaker] 200 76ms
2013-11-05 21:46:24.747 [info] <0.347.0> Loading routes from "/home/erikj/icebreaker/priv/icebreaker.routes" ....
2013-11-05 21:46:24.902 [info] <0.584.0> GET /client/list [icebreaker] 200 155ms
2013-11-05 21:48:23.014 [info] <0.6.0> Application lager started on node icebreaker@dev
2013-11-05 21:48:23.043 [info] <0.6.0> Application crypto started on node icebreaker@dev
2013-11-05 21:48:23.057 [info] <0.6.0> Application mimetypes started on node icebreaker@dev
2013-11-05 21:48:23.091 [info] <0.80.0> Starting Boss in development mode....

2013-11-05 21:48:23.143 [info] <0.80.0> Starting master services on icebreaker@dev

2013-11-05 21:48:23.158 [info] <0.6.0> Application tinymq started on node icebreaker@dev
2013-11-05 21:48:23.186 [info] <0.80.0> SSL:[]

2013-11-05 21:48:23.188 [info] <0.80.0> Starting cowboy... on icebreaker@dev

2013-11-05 21:48:23.194 [info] <0.6.0> Application ranch started on node icebreaker@dev
2013-11-05 21:48:23.202 [info] <0.6.0> Application cowboy started on node icebreaker@dev
2013-11-05 21:48:23.203 [info] <0.80.0> Starting http listener... on 8001 

2013-11-05 21:48:23.229 [info] <0.6.0> Application boss started on node icebreaker@dev
2013-11-05 21:48:23.244 [info] <0.347.0> Loading routes from "/home/erikj/icebreaker/priv/icebreaker.routes" ....
2013-11-05 21:48:23.478 [info] <0.6.0> Application cb_admin started on node icebreaker@dev
2013-11-05 21:48:23.478 [info] <0.365.0> Loading routes from "./deps/cb_admin/priv/cb_admin.routes" ....
2013-11-05 21:56:49.143 [info] <0.347.0> Loading routes from "/home/erikj/icebreaker/priv/icebreaker.routes" ....
2013-11-05 21:56:49.307 [info] <0.370.0> GET /client/list [icebreaker] 200 163ms
2013-11-05 21:56:50.860 [info] <0.347.0> Loading routes from "/home/erikj/icebreaker/priv/icebreaker.routes" ....
2013-11-05 21:56:51.041 [info] <0.370.0> POST /client/register [icebreaker] 200 179ms
2013-11-05 21:56:57.295 [info] <0.347.0> Loading routes from "/home/erikj/icebreaker/priv/icebreaker.routes" ....
2013-11-05 21:56:57.461 [info] <0.390.0> GET /client/list [icebreaker] 200 165ms
2013-11-05 22:40:18.325 [info] <0.6.0> Application lager started on node icebreaker@dev
2013-11-05 22:40:18.346 [info] <0.6.0> Application crypto started on node icebreaker@dev
2013-11-05 22:40:18.353 [info] <0.6.0> Application mimetypes started on node icebreaker@dev
2013-11-05 22:40:18.375 [info] <0.80.0> Starting Boss in development mode....

2013-11-05 22:40:18.404 [info] <0.80.0> Starting master services on icebreaker@dev

2013-11-05 22:40:18.411 [info] <0.6.0> Application tinymq started on node icebreaker@dev
2013-11-05 22:40:18.428 [info] <0.80.0> SSL:[]

2013-11-05 22:40:18.430 [info] <0.80.0> Starting cowboy... on icebreaker@dev

2013-11-05 22:40:18.433 [info] <0.6.0> Application ranch started on node icebreaker@dev
2013-11-05 22:40:18.438 [info] <0.6.0> Application cowboy started on node icebreaker@dev
2013-11-05 22:40:18.439 [info] <0.80.0> Starting http listener... on 8001 

2013-11-05 22:40:18.457 [info] <0.6.0> Application boss started on node icebreaker@dev
2013-11-05 22:40:18.468 [info] <0.347.0> Loading routes from "/home/erikj/icebreaker/priv/icebreaker.routes" ....
2013-11-05 22:40:18.653 [info] <0.6.0> Application cb_admin started on node icebreaker@dev
2013-11-05 22:40:18.654 [info] <0.365.0> Loading routes from "./deps/cb_admin/priv/cb_admin.routes" ....
2013-11-05 22:40:20.256 [info] <0.347.0> Loading routes from "/home/erikj/icebreaker/priv/icebreaker.routes" ....
2013-11-05 22:40:20.412 [info] <0.370.0> GET /client/list [icebreaker] 200 155ms
2013-11-05 22:40:24.533 [info] <0.347.0> Loading routes from "/home/erikj/icebreaker/priv/icebreaker.routes" ....
2013-11-05 22:40:24.697 [info] <0.370.0> GET / [icebreaker] 200 163ms
2013-11-05 22:40:28.007 [info] <0.347.0> Loading routes from "/home/erikj/icebreaker/priv/icebreaker.routes" ....
2013-11-05 22:40:28.144 [info] <0.370.0> GET /client/activity [icebreaker] 200 136ms
2013-11-05 22:42:33.542 [info] <0.347.0> Loading routes from "/home/erikj/icebreaker/priv/icebreaker.routes" ....
2013-11-05 22:42:33.614 [info] <0.399.0> GET /client/list [icebreaker] 200 72ms
2013-11-05 22:42:54.398 [info] <0.347.0> Loading routes from "/home/erikj/icebreaker/priv/icebreaker.routes" ....
2013-11-05 22:42:54.554 [info] <0.410.0> GET /client/activity [icebreaker] 200 155ms
2013-11-05 22:43:09.351 [info] <0.347.0> Loading routes from "/home/erikj/icebreaker/priv/icebreaker.routes" ....
2013-11-05 22:43:09.511 [info] <0.421.0> GET /client/list [icebreaker] 200 159ms
2013-11-05 22:43:09.938 [info] <0.347.0> Loading routes from "/home/erikj/icebreaker/priv/icebreaker.routes" ....
2013-11-05 22:43:10.097 [info] <0.432.0> GET /client/activity [icebreaker] 200 158ms
2013-11-05 22:43:13.547 [info] <0.347.0> Loading routes from "/home/erikj/icebreaker/priv/icebreaker.routes" ....
2013-11-05 22:43:13.707 [info] <0.432.0> GET /client/list [icebreaker] 200 160ms
2013-11-05 22:43:54.416 [info] <0.347.0> Loading routes from "/home/erikj/icebreaker/priv/icebreaker.routes" ....
2013-11-05 22:43:54.583 [info] <0.452.0> GET /client/list [icebreaker] 200 166ms
2013-11-05 22:44:28.923 [info] <0.347.0> Loading routes from "/home/erikj/icebreaker/priv/icebreaker.routes" ....
2013-11-05 22:44:29.097 [info] <0.463.0> GET /client/list [icebreaker] 200 173ms
2013-11-05 22:45:51.755 [info] <0.347.0> Loading routes from "/home/erikj/icebreaker/priv/icebreaker.routes" ....
2013-11-05 22:45:51.921 [info] <0.474.0> GET /client/list [icebreaker] 200 165ms
2013-11-05 22:45:52.461 [info] <0.347.0> Loading routes from "/home/erikj/icebreaker/priv/icebreaker.routes" ....
2013-11-05 22:45:52.632 [info] <0.474.0> POST /client/register [icebreaker] 200 171ms
2013-11-05 22:46:27.457 [info] <0.347.0> Loading routes from "/home/erikj/icebreaker/priv/icebreaker.routes" ....
2013-11-05 22:46:27.627 [info] <0.494.0> GET /client/list [icebreaker] 200 169ms
2013-11-05 22:48:20.091 [info] <0.347.0> Loading routes from "/home/erikj/icebreaker/priv/icebreaker.routes" ....
2013-11-05 22:48:20.278 [info] <0.505.0> GET /client/list [icebreaker] 200 186ms
2013-11-05 22:48:34.910 [info] <0.347.0> Loading routes from "/home/erikj/icebreaker/priv/icebreaker.routes" ....
2013-11-05 22:48:35.076 [info] <0.516.0> GET /client/list [icebreaker] 200 166ms
2013-11-05 22:48:35.394 [info] <0.347.0> Loading routes from "/home/erikj/icebreaker/priv/icebreaker.routes" ....
2013-11-05 22:48:35.561 [info] <0.516.0> POST /client/register [icebreaker] 200 166ms
2013-11-05 22:49:26.416 [info] <0.347.0> Loading routes from "/home/erikj/icebreaker/priv/icebreaker.routes" ....
2013-11-05 22:49:26.584 [info] <0.538.0> GET /client/list [icebreaker] 200 168ms
2013-11-05 22:49:27.404 [info] <0.347.0> Loading routes from "/home/erikj/icebreaker/priv/icebreaker.routes" ....
2013-11-05 22:49:27.568 [info] <0.549.0> POST /client/register [icebreaker] 200 163ms
2013-11-05 22:49:38.322 [info] <0.347.0> Loading routes from "/home/erikj/icebreaker/priv/icebreaker.routes" ....
2013-11-05 22:49:38.486 [info] <0.560.0> GET /client/list [icebreaker] 200 164ms
2013-11-05 22:50:19.450 [info] <0.347.0> Loading routes from "/home/erikj/icebreaker/priv/icebreaker.routes" ....
2013-11-05 22:50:19.618 [info] <0.571.0> GET /client/list [icebreaker] 200 168ms
2013-11-05 22:50:19.992 [info] <0.347.0> Loading routes from "/home/erikj/icebreaker/priv/icebreaker.routes" ....
2013-11-05 22:50:20.169 [info] <0.571.0> POST /client/register [icebreaker] 200 176ms
2013-11-05 22:50:49.930 [info] <0.347.0> Loading routes from "/home/erikj/icebreaker/priv/icebreaker.routes" ....
2013-11-05 22:50:50.111 [info] <0.591.0> GET /client/list [icebreaker] 200 180ms
2013-11-05 22:51:36.387 [info] <0.347.0> Loading routes from "/home/erikj/icebreaker/priv/icebreaker.routes" ....
2013-11-05 22:51:36.553 [info] <0.602.0> POST /client/register [icebreaker] 200 166ms
2013-11-05 22:51:47.352 [info] <0.347.0> Loading routes from "/home/erikj/icebreaker/priv/icebreaker.routes" ....
2013-11-05 22:51:47.517 [info] <0.613.0> GET /client/list [icebreaker] 200 164ms
2013-11-05 22:52:03.869 [info] <0.347.0> Loading routes from "/home/erikj/icebreaker/priv/icebreaker.routes" ....
2013-11-05 22:52:03.944 [info] <0.624.0> GET /client/list [icebreaker] 200 74ms
2013-11-05 22:52:21.099 [info] <0.347.0> Loading routes from "/home/erikj/icebreaker/priv/icebreaker.routes" ....
2013-11-05 22:52:21.289 [info] <0.635.0> POST /client/register [icebreaker] 200 190ms
2013-11-05 22:52:33.021 [info] <0.347.0> Loading routes from "/home/erikj/icebreaker/priv/icebreaker.routes" ....
2013-11-05 22:52:33.203 [info] <0.646.0> GET /client/list [icebreaker] 200 182ms
2013-11-05 22:52:49.047 [info] <0.347.0> Loading routes from "/home/erikj/icebreaker/priv/icebreaker.routes" ....
2013-11-05 22:52:49.123 [info] <0.657.0> GET /client/list [icebreaker] 200 76ms
2013-11-05 22:52:56.587 [info] <0.347.0> Loading routes from "/home/erikj/icebreaker/priv/icebreaker.routes" ....
2013-11-05 22:52:56.666 [info] <0.668.0> POST /client/register [icebreaker] 200 78ms
2013-11-05 22:54:16.773 [info] <0.6.0> Application lager started on node icebreaker@dev
2013-11-05 22:54:16.794 [info] <0.6.0> Application crypto started on node icebreaker@dev
2013-11-05 22:54:16.801 [info] <0.6.0> Application mimetypes started on node icebreaker@dev
2013-11-05 22:54:16.822 [info] <0.80.0> Starting Boss in development mode....

2013-11-05 22:54:16.851 [info] <0.80.0> Starting master services on icebreaker@dev

2013-11-05 22:54:16.858 [info] <0.6.0> Application tinymq started on node icebreaker@dev
2013-11-05 22:54:16.874 [info] <0.80.0> SSL:[]

2013-11-05 22:54:16.876 [info] <0.80.0> Starting cowboy... on icebreaker@dev

2013-11-05 22:54:16.878 [info] <0.6.0> Application ranch started on node icebreaker@dev
2013-11-05 22:54:16.884 [info] <0.6.0> Application cowboy started on node icebreaker@dev
2013-11-05 22:54:16.884 [info] <0.80.0> Starting http listener... on 8001 

2013-11-05 22:54:16.902 [info] <0.6.0> Application boss started on node icebreaker@dev
2013-11-05 22:54:16.912 [info] <0.347.0> Loading routes from "/home/erikj/icebreaker/priv/icebreaker.routes" ....
2013-11-05 22:54:17.092 [info] <0.6.0> Application cb_admin started on node icebreaker@dev
2013-11-05 22:54:17.093 [info] <0.365.0> Loading routes from "./deps/cb_admin/priv/cb_admin.routes" ....
2013-11-05 22:54:23.107 [info] <0.347.0> Loading routes from "/home/erikj/icebreaker/priv/icebreaker.routes" ....
2013-11-05 22:54:23.173 [info] <0.370.0> GET /client/list [icebreaker] 200 65ms
2013-11-05 22:54:29.339 [info] <0.347.0> Loading routes from "/home/erikj/icebreaker/priv/icebreaker.routes" ....
2013-11-05 22:54:29.513 [info] <0.381.0> POST /client/register [icebreaker] 200 173ms
2013-11-05 22:59:43.049 [info] <0.347.0> Loading routes from "/home/erikj/icebreaker/priv/icebreaker.routes" ....
2013-11-05 22:59:43.206 [info] <0.392.0> GET /client/list [icebreaker] 200 156ms
2013-11-05 22:59:47.147 [info] <0.347.0> Loading routes from "/home/erikj/icebreaker/priv/icebreaker.routes" ....
2013-11-05 22:59:47.312 [info] <0.392.0> POST /client/register [icebreaker] 200 164ms
2013-11-05 23:00:29.834 [info] <0.347.0> Loading routes from "/home/erikj/icebreaker/priv/icebreaker.routes" ....
2013-11-05 23:00:29.907 [info] <0.412.0> GET /client/list [icebreaker] 200 72ms
2013-11-05 23:00:44.094 [info] <0.347.0> Loading routes from "/home/erikj/icebreaker/priv/icebreaker.routes" ....
2013-11-05 23:00:44.170 [info] <0.423.0> GET /client/list [icebreaker] 200 75ms
2013-11-05 23:00:47.458 [info] <0.347.0> Loading routes from "/home/erikj/icebreaker/priv/icebreaker.routes" ....
2013-11-05 23:00:47.532 [info] <0.423.0> POST /client/register [icebreaker] 200 73ms
2013-11-05 23:01:16.017 [info] <0.347.0> Loading routes from "/home/erikj/icebreaker/priv/icebreaker.routes" ....
2013-11-05 23:01:16.181 [info] <0.443.0> GET /client/list [icebreaker] 200 165ms
2013-11-05 23:01:40.290 [info] <0.347.0> Loading routes from "/home/erikj/icebreaker/priv/icebreaker.routes" ....
2013-11-05 23:01:40.366 [info] <0.454.0> GET /client/list [icebreaker] 200 75ms
2013-11-05 23:03:23.364 [info] <0.347.0> Loading routes from "/home/erikj/icebreaker/priv/icebreaker.routes" ....
2013-11-05 23:03:23.540 [info] <0.467.0> GET /client/register [icebreaker] 200 175ms
2013-11-05 23:03:38.669 [info] <0.347.0> Loading routes from "/home/erikj/icebreaker/priv/icebreaker.routes" ....
2013-11-05 23:03:38.827 [info] <0.480.0> POST /client/register [icebreaker] 200 157ms
2013-11-05 23:03:52.731 [info] <0.347.0> Loading routes from "/home/erikj/icebreaker/priv/icebreaker.routes" ....
2013-11-05 23:03:52.890 [info] <0.491.0> POST /client/register [icebreaker] 200 158ms
2013-11-05 23:04:10.844 [info] <0.347.0> Loading routes from "/home/erikj/icebreaker/priv/icebreaker.routes" ....
2013-11-05 23:04:11.031 [info] <0.502.0> GET /client/register [icebreaker] 200 186ms
2013-11-05 23:04:14.107 [info] <0.347.0> Loading routes from "/home/erikj/icebreaker/priv/icebreaker.routes" ....
2013-11-05 23:04:14.263 [info] <0.502.0> POST /client/register [icebreaker] 200 156ms
2013-11-05 23:05:44.359 [info] <0.6.0> Application lager started on node icebreaker@dev
2013-11-05 23:05:44.380 [info] <0.6.0> Application crypto started on node icebreaker@dev
2013-11-05 23:05:44.387 [info] <0.6.0> Application mimetypes started on node icebreaker@dev
2013-11-05 23:05:44.410 [info] <0.80.0> Starting Boss in development mode....

2013-11-05 23:05:44.439 [info] <0.80.0> Starting master services on icebreaker@dev

2013-11-05 23:05:44.446 [info] <0.6.0> Application tinymq started on node icebreaker@dev
2013-11-05 23:05:44.464 [info] <0.80.0> SSL:[]

2013-11-05 23:05:44.465 [info] <0.80.0> Starting cowboy... on icebreaker@dev

2013-11-05 23:05:44.468 [info] <0.6.0> Application ranch started on node icebreaker@dev
2013-11-05 23:05:44.474 [info] <0.6.0> Application cowboy started on node icebreaker@dev
2013-11-05 23:05:44.474 [info] <0.80.0> Starting http listener... on 8001 

2013-11-05 23:05:44.493 [info] <0.6.0> Application boss started on node icebreaker@dev
2013-11-05 23:05:44.503 [info] <0.347.0> Loading routes from "/home/erikj/icebreaker/priv/icebreaker.routes" ....
2013-11-05 23:05:44.690 [info] <0.6.0> Application cb_admin started on node icebreaker@dev
2013-11-05 23:05:44.690 [info] <0.365.0> Loading routes from "./deps/cb_admin/priv/cb_admin.routes" ....
2013-11-05 23:05:46.128 [info] <0.347.0> Loading routes from "/home/erikj/icebreaker/priv/icebreaker.routes" ....
2013-11-05 23:05:46.324 [info] <0.370.0> GET /client/register [icebreaker] 200 196ms
2013-11-05 23:05:49.001 [info] <0.347.0> Loading routes from "/home/erikj/icebreaker/priv/icebreaker.routes" ....
2013-11-05 23:05:49.192 [info] <0.370.0> POST /client/register [icebreaker] 200 190ms
2013-11-05 23:06:09.135 [info] <0.347.0> Loading routes from "/home/erikj/icebreaker/priv/icebreaker.routes" ....
2013-11-05 23:06:09.321 [info] <0.392.0> GET /client/list [icebreaker] 200 186ms
2013-11-05 23:06:34.644 [info] <0.347.0> Loading routes from "/home/erikj/icebreaker/priv/icebreaker.routes" ....
2013-11-05 23:06:34.807 [info] <0.403.0> GET /client/list [icebreaker] 200 162ms
2013-11-05 23:07:16.280 [info] <0.347.0> Loading routes from "/home/erikj/icebreaker/priv/icebreaker.routes" ....
2013-11-05 23:07:16.436 [info] <0.414.0> GET /client/list [icebreaker] 200 155ms
2013-11-05 23:07:27.147 [info] <0.347.0> Loading routes from "/home/erikj/icebreaker/priv/icebreaker.routes" ....
2013-11-05 23:07:27.317 [info] <0.425.0> GET /client/register [icebreaker] 200 170ms
2013-11-05 23:07:30.241 [info] <0.347.0> Loading routes from "/home/erikj/icebreaker/priv/icebreaker.routes" ....
2013-11-05 23:07:30.398 [info] <0.425.0> GET /client/list [icebreaker] 200 156ms
2013-11-05 23:07:52.160 [info] <0.347.0> Loading routes from "/home/erikj/icebreaker/priv/icebreaker.routes" ....
2013-11-05 23:07:52.317 [info] <0.449.0> GET /client/list [icebreaker] 200 156ms
2013-11-05 23:08:15.414 [info] <0.347.0> Loading routes from "/home/erikj/icebreaker/priv/icebreaker.routes" ....
2013-11-05 23:08:15.573 [info] <0.460.0> GET /client/list [icebreaker] 200 158ms
2013-11-05 23:08:38.034 [info] <0.347.0> Loading routes from "/home/erikj/icebreaker/priv/icebreaker.routes" ....
2013-11-05 23:08:38.204 [info] <0.471.0> GET /client/list [icebreaker] 200 169ms
2013-11-05 23:09:08.817 [info] <0.347.0> Loading routes from "/home/erikj/icebreaker/priv/icebreaker.routes" ....
2013-11-05 23:09:08.976 [info] <0.482.0> GET /client/list [icebreaker] 200 158ms
2013-11-05 23:09:12.935 [info] <0.347.0> Loading routes from "/home/erikj/icebreaker/priv/icebreaker.routes" ....
2013-11-05 23:09:13.096 [info] <0.482.0> POST /client/register [icebreaker] 200 161ms
2013-11-05 23:09:18.342 [info] <0.347.0> Loading routes from "/home/erikj/icebreaker/priv/icebreaker.routes" ....
2013-11-05 23:09:18.500 [info] <0.502.0> GET /client/list [icebreaker] 200 157ms
2013-11-05 23:10:28.006 [info] <0.347.0> Loading routes from "/home/erikj/icebreaker/priv/icebreaker.routes" ....
2013-11-05 23:10:28.175 [info] <0.513.0> GET /client/list [icebreaker] 200 168ms
2013-11-05 23:11:18.583 [info] <0.347.0> Loading routes from "/home/erikj/icebreaker/priv/icebreaker.routes" ....
2013-11-05 23:11:18.750 [info] <0.524.0> GET /client/list [icebreaker] 200 166ms
2013-11-05 23:16:34.491 [info] <0.347.0> Loading routes from "/home/erikj/icebreaker/priv/icebreaker.routes" ....
2013-11-05 23:16:34.651 [info] <0.535.0> GET /client/list [icebreaker] 200 159ms
2013-11-05 23:16:49.476 [info] <0.347.0> Loading routes from "/home/erikj/icebreaker/priv/icebreaker.routes" ....
2013-11-05 23:16:49.636 [info] <0.546.0> GET /client/list [icebreaker] 200 159ms
2013-11-05 23:17:03.164 [info] <0.347.0> Loading routes from "/home/erikj/icebreaker/priv/icebreaker.routes" ....
2013-11-05 23:17:03.319 [info] <0.557.0> GET /client/list [icebreaker] 200 155ms
2013-11-05 23:18:53.987 [info] <0.347.0> Loading routes from "/home/erikj/icebreaker/priv/icebreaker.routes" ....
2013-11-05 23:18:54.147 [info] <0.568.0> GET /client/list [icebreaker] 200 159ms
